\BOOKMARK [1][-]{section.1}{\376\377\000I\000n\000t\000r\000o\000d\000u\000z\000i\000o\000n\000e}{}% 1
\BOOKMARK [1][-]{section.2}{\376\377\000S\000t\000a\000t\000o\000\040\000d\000e\000l\000l\000'\000A\000r\000t\000e}{}% 2
\BOOKMARK [1][-]{section.3}{\376\377\000F\000i\000s\000i\000c\000a\000\040\000d\000e\000l\000l\000a\000\040\000B\000i\000c\000i\000c\000l\000e\000t\000t\000a}{}% 3
\BOOKMARK [2][-]{subsection.3.1}{\376\377\000D\000i\000n\000a\000m\000i\000c\000a\000\040\000L\000o\000n\000g\000i\000t\000u\000d\000i\000n\000a\000l\000e}{section.3}% 4
\BOOKMARK [2][-]{subsection.3.2}{\376\377\000D\000i\000n\000a\000m\000i\000c\000a\000\040\000L\000a\000t\000e\000r\000a\000l\000e}{section.3}% 5
\BOOKMARK [1][-]{section.4}{\376\377\000I\000l\000\040\000S\000i\000s\000t\000e\000m\000a}{}% 6
\BOOKMARK [2][-]{subsection.4.1}{\376\377\000I\000l\000\040\000S\000e\000n\000s\000o\000r\000e}{section.4}% 7
\BOOKMARK [1][-]{section.5}{\376\377\000R\000a\000c\000c\000o\000l\000t\000a\000\040\000D\000a\000t\000i}{}% 8
\BOOKMARK [2][-]{subsection.5.1}{\376\377\000G\000l\000i\000\040\000E\000s\000p\000e\000r\000i\000m\000e\000n\000t\000i}{section.5}% 9
\BOOKMARK [2][-]{subsection.5.2}{\376\377\000D\000a\000t\000i\000\040\000R\000a\000c\000c\000o\000l\000t\000i}{section.5}% 10
\BOOKMARK [3][-]{subsubsection.5.2.1}{\376\377\000A\000c\000c\000e\000l\000e\000r\000a\000z\000i\000o\000n\000e}{subsection.5.2}% 11
\BOOKMARK [3][-]{subsubsection.5.2.2}{\376\377\000F\000r\000e\000n\000a\000t\000a}{subsection.5.2}% 12
\BOOKMARK [3][-]{subsubsection.5.2.3}{\376\377\000C\000u\000r\000v\000a}{subsection.5.2}% 13
\BOOKMARK [1][-]{section.6}{\376\377\000I\000n\000d\000i\000c\000a\000t\000o\000r\000i}{}% 14
\BOOKMARK [2][-]{subsection.6.1}{\376\377\000A\000c\000c\000e\000l\000e\000r\000a\000z\000i\000o\000n\000e\000\040\000e\000\040\000F\000r\000e\000n\000a\000t\000a}{section.6}% 15
\BOOKMARK [2][-]{subsection.6.2}{\376\377\000C\000u\000r\000v\000a}{section.6}% 16
\BOOKMARK [2][-]{subsection.6.3}{\376\377\000U\000t\000i\000l\000i\000z\000z\000o\000\040\000d\000e\000g\000l\000i\000\040\000I\000n\000d\000i\000c\000a\000t\000o\000r\000i}{section.6}% 17
\BOOKMARK [1][-]{section.7}{\376\377\000S\000v\000i\000l\000u\000p\000p\000i\000\040\000F\000u\000t\000u\000r\000i}{}% 18
\BOOKMARK [2][-]{subsection.7.1}{\376\377\000U\000l\000t\000e\000r\000i\000o\000r\000i\000\040\000R\000i\000l\000i\000e\000v\000i}{section.7}% 19
\BOOKMARK [2][-]{subsection.7.2}{\376\377\000U\000t\000i\000l\000i\000z\000z\000o\000\040\000d\000e\000g\000l\000i\000\040\000I\000n\000d\000i\000c\000a\000t\000o\000r\000i}{section.7}% 20
\BOOKMARK [1][-]{section.8}{\376\377\000C\000o\000n\000c\000l\000u\000s\000i\000o\000n\000i}{}% 21
