This is pdfTeX, Version 3.141592653-2.6-1.40.24 (MiKTeX 22.8.28) (preloaded format=pdflatex 2022.9.19)  29 JUN 2024 21:17
entering extended mode
 restricted \write18 enabled.
 %&-line parsing enabled.
**./Tesi.tex
(Tesi.tex
LaTeX2e <2022-06-01> patch level 5
L3 programming layer <2022-08-30>
(C:\Users\Daniele\AppData\Local\Programs\MiKTeX\tex/latex/base\article.cls
Document Class: article 2021/10/04 v1.4n Standard LaTeX document class
(C:\Users\Daniele\AppData\Local\Programs\MiKTeX\tex/latex/base\size12.clo
File: size12.clo 2021/10/04 v1.4n Standard LaTeX file (size option)
)
\c@part=\count185
\c@section=\count186
\c@subsection=\count187
\c@subsubsection=\count188
\c@paragraph=\count189
\c@subparagraph=\count190
\c@figure=\count191
\c@table=\count192
\abovecaptionskip=\skip47
\belowcaptionskip=\skip48
\bibindent=\dimen138
)
(preambolo.sty
Package: preambolo 

(C:\Users\Daniele\AppData\Local\Programs\MiKTeX\tex/latex/geometry\geometry.sty
Package: geometry 2020/01/02 v5.9 Page Geometry
(C:\Users\Daniele\AppData\Local\Programs\MiKTeX\tex/latex/graphics\keyval.sty
Package: keyval 2022/05/29 v1.15 key=value parser (DPC)
\KV@toks@=\toks16
)
(C:\Users\Daniele\AppData\Local\Programs\MiKTeX\tex/generic/iftex\ifvtex.sty
Package: ifvtex 2019/10/25 v1.7 ifvtex legacy package. Use iftex instead.

(C:\Users\Daniele\AppData\Local\Programs\MiKTeX\tex/generic/iftex\iftex.sty
Package: iftex 2022/02/03 v1.0f TeX engine tests
))
\Gm@cnth=\count193
\Gm@cntv=\count194
\c@Gm@tempcnt=\count195
\Gm@bindingoffset=\dimen139
\Gm@wd@mp=\dimen140
\Gm@odd@mp=\dimen141
\Gm@even@mp=\dimen142
\Gm@layoutwidth=\dimen143
\Gm@layoutheight=\dimen144
\Gm@layouthoffset=\dimen145
\Gm@layoutvoffset=\dimen146
\Gm@dimlist=\toks17

(C:\Users\Daniele\AppData\Local\Programs\MiKTeX\tex/latex/geometry\geometry.cfg
)) (C:\Users\Daniele\AppData\Local\Programs\MiKTeX\tex/latex/base\inputenc.sty
Package: inputenc 2021/02/14 v1.3d Input encoding file
\inpenc@prehook=\toks18
\inpenc@posthook=\toks19
)
(C:\Users\Daniele\AppData\Local\Programs\MiKTeX\tex/latex/ragged2e\ragged2e.sty
Package: ragged2e 2021/12/15 v3.1 ragged2e Package
\CenteringLeftskip=\skip49
\RaggedLeftLeftskip=\skip50
\RaggedRightLeftskip=\skip51
\CenteringRightskip=\skip52
\RaggedLeftRightskip=\skip53
\RaggedRightRightskip=\skip54
\CenteringParfillskip=\skip55
\RaggedLeftParfillskip=\skip56
\RaggedRightParfillskip=\skip57
\JustifyingParfillskip=\skip58
\CenteringParindent=\skip59
\RaggedLeftParindent=\skip60
\RaggedRightParindent=\skip61
\JustifyingParindent=\skip62
) (C:\Users\Daniele\AppData\Local\Programs\MiKTeX\tex/generic/babel\babel.sty
Package: babel 2022/08/29 3.79 The Babel package
\babel@savecnt=\count196
\U@D=\dimen147
\l@unhyphenated=\language79

(C:\Users\Daniele\AppData\Local\Programs\MiKTeX\tex/generic/babel\txtbabel.def)
\bbl@readstream=\read2
\bbl@dirlevel=\count197
*************************************
* Local config file bblopts.cfg used
*
(C:\Users\Daniele\AppData\Local\Programs\MiKTeX\tex/latex/arabi\bblopts.cfg
File: bblopts.cfg 2005/09/08 v0.1 add Arabic and Farsi to "declared" options of
 babel
)
(C:\Users\Daniele\AppData\Local\Programs\MiKTeX\tex/latex/babel-italian\italian
.ldf
Language: italian 2022/03/27 v.1.4.07 Italian support for the babel system
\it@lettering=\count198
\it@doublequoteactive=\count199
\it@ISOcompliance=\count266
)
(C:\Users\Daniele\AppData\Local\Programs\MiKTeX\tex/latex/babel-english\english
.ldf
Language: english 2017/06/06 v3.3r English support from the babel system
Package babel Info: Hyphen rules for 'canadian' set to \l@english
(babel)             (\language0). Reported on input line 102.
Package babel Info: Hyphen rules for 'australian' set to \l@ukenglish
(babel)             (\language73). Reported on input line 105.
Package babel Info: Hyphen rules for 'newzealand' set to \l@ukenglish
(babel)             (\language73). Reported on input line 108.
))
(C:\Users\Daniele\AppData\Local\Programs\MiKTeX\tex/generic/babel/locale/en\bab
el-english.tex
Package babel Info: Importing font and identification data for english
(babel)             from babel-en.ini. Reported on input line 11.
)
(C:\Users\Daniele\AppData\Local\Programs\MiKTeX\tex/generic/babel/locale/it\bab
el-italian.tex
Package babel Info: Importing font and identification data for italian
(babel)             from babel-it.ini. Reported on input line 11.
)
(C:\Users\Daniele\AppData\Local\Programs\MiKTeX\tex/latex/etoolbox\etoolbox.sty
Package: etoolbox 2020/10/05 v2.5k e-TeX tools for LaTeX (JAW)
\etb@tempcnta=\count267
)
(C:\Users\Daniele\AppData\Local\Programs\MiKTeX\tex/latex/titlesec\titlesec.sty
Package: titlesec 2023/10/27 v2.16 Sectioning titles
\ttl@box=\box51
\beforetitleunit=\skip63
\aftertitleunit=\skip64
\ttl@plus=\dimen148
\ttl@minus=\dimen149
\ttl@toksa=\toks20
\titlewidth=\dimen150
\titlewidthlast=\dimen151
\titlewidthfirst=\dimen152
) (C:\Users\Daniele\AppData\Local\Programs\MiKTeX\tex/latex/xcolor\xcolor.sty
Package: xcolor 2022/06/12 v2.14 LaTeX color extensions (UK)

(C:\Users\Daniele\AppData\Local\Programs\MiKTeX\tex/latex/graphics-cfg\color.cf
g
File: color.cfg 2016/01/02 v1.6 sample color configuration
)
Package xcolor Info: Driver file: pdftex.def on input line 227.

(C:\Users\Daniele\AppData\Local\Programs\MiKTeX\tex/latex/graphics-def\pdftex.d
ef
File: pdftex.def 2020/10/05 v1.2a Graphics/color driver for pdftex
)
(C:\Users\Daniele\AppData\Local\Programs\MiKTeX\tex/latex/colortbl\colortbl.sty
Package: colortbl 2024/02/20 v1.0g Color table columns (DPC)
(C:\Users\Daniele\AppData\Local\Programs\MiKTeX\tex/latex/tools\array.sty
Package: array 2021/10/04 v2.5f Tabular extension package (FMi)
\col@sep=\dimen153
\ar@mcellbox=\box52
\extrarowheight=\dimen154
\NC@list=\toks21
\extratabsurround=\skip65
\backup@length=\skip66
\ar@cellbox=\box53
)
\everycr=\toks22
\minrowclearance=\skip67
\rownum=\count268
)
(C:\Users\Daniele\AppData\Local\Programs\MiKTeX\tex/latex-dev/graphics\mathcolo
r.ltx)
Package xcolor Info: Model `cmy' substituted by `cmy0' on input line 1353.
Package xcolor Info: Model `hsb' substituted by `rgb' on input line 1357.
Package xcolor Info: Model `RGB' extended on input line 1369.
Package xcolor Info: Model `HTML' substituted by `rgb' on input line 1371.
Package xcolor Info: Model `Hsb' substituted by `hsb' on input line 1372.
Package xcolor Info: Model `tHsb' substituted by `hsb' on input line 1373.
Package xcolor Info: Model `HSB' substituted by `hsb' on input line 1374.
Package xcolor Info: Model `Gray' substituted by `gray' on input line 1375.
Package xcolor Info: Model `wave' substituted by `hsb' on input line 1376.
)
(C:\Users\Daniele\AppData\Local\Programs\MiKTeX\tex/latex/setspace\setspace.sty
Package: setspace 2022/12/04 v6.7b set line spacing
)
(C:\Users\Daniele\AppData\Local\Programs\MiKTeX\tex/latex/hyperref\hyperref.sty
Package: hyperref 2022-06-20 v7.00s Hypertext links for LaTeX

(C:\Users\Daniele\AppData\Local\Programs\MiKTeX\tex/generic/ltxcmds\ltxcmds.sty
Package: ltxcmds 2020-05-10 v1.25 LaTeX kernel commands for general use (HO)
)
(C:\Users\Daniele\AppData\Local\Programs\MiKTeX\tex/generic/pdftexcmds\pdftexcm
ds.sty
Package: pdftexcmds 2020-06-27 v0.33 Utility functions of pdfTeX for LuaTeX (HO
)

(C:\Users\Daniele\AppData\Local\Programs\MiKTeX\tex/generic/infwarerr\infwarerr
.sty
Package: infwarerr 2019/12/03 v1.5 Providing info/warning/error messages (HO)
)
Package pdftexcmds Info: \pdf@primitive is available.
Package pdftexcmds Info: \pdf@ifprimitive is available.
Package pdftexcmds Info: \pdfdraftmode found.
)
(C:\Users\Daniele\AppData\Local\Programs\MiKTeX\tex/generic/kvsetkeys\kvsetkeys
.sty
Package: kvsetkeys 2019/12/15 v1.18 Key value parser (HO)
)
(C:\Users\Daniele\AppData\Local\Programs\MiKTeX\tex/generic/kvdefinekeys\kvdefi
nekeys.sty
Package: kvdefinekeys 2019-12-19 v1.6 Define keys (HO)
)
(C:\Users\Daniele\AppData\Local\Programs\MiKTeX\tex/generic/pdfescape\pdfescape
.sty
Package: pdfescape 2019/12/09 v1.15 Implements pdfTeX's escape features (HO)
)
(C:\Users\Daniele\AppData\Local\Programs\MiKTeX\tex/latex/hycolor\hycolor.sty
Package: hycolor 2020-01-27 v1.10 Color options for hyperref/bookmark (HO)
)
(C:\Users\Daniele\AppData\Local\Programs\MiKTeX\tex/latex/letltxmacro\letltxmac
ro.sty
Package: letltxmacro 2019/12/03 v1.6 Let assignment for LaTeX macros (HO)
)
(C:\Users\Daniele\AppData\Local\Programs\MiKTeX\tex/latex/auxhook\auxhook.sty
Package: auxhook 2019-12-17 v1.6 Hooks for auxiliary files (HO)
)
(C:\Users\Daniele\AppData\Local\Programs\MiKTeX\tex/latex/hyperref\nameref.sty
Package: nameref 2022-05-17 v2.50 Cross-referencing by name of section

(C:\Users\Daniele\AppData\Local\Programs\MiKTeX\tex/latex/refcount\refcount.sty
Package: refcount 2019/12/15 v3.6 Data extraction from label references (HO)
)
(C:\Users\Daniele\AppData\Local\Programs\MiKTeX\tex/generic/gettitlestring\gett
itlestring.sty
Package: gettitlestring 2019/12/15 v1.6 Cleanup title references (HO)

(C:\Users\Daniele\AppData\Local\Programs\MiKTeX\tex/latex/kvoptions\kvoptions.s
ty
Package: kvoptions 2022-06-15 v3.15 Key value format for package options (HO)
))
\c@section@level=\count269
)
\@linkdim=\dimen155
\Hy@linkcounter=\count270
\Hy@pagecounter=\count271

(C:\Users\Daniele\AppData\Local\Programs\MiKTeX\tex/latex/hyperref\pd1enc.def
File: pd1enc.def 2022-06-20 v7.00s Hyperref: PDFDocEncoding definition (HO)
Now handling font encoding PD1 ...
... no UTF-8 mapping file for font encoding PD1
)
(C:\Users\Daniele\AppData\Local\Programs\MiKTeX\tex/generic/intcalc\intcalc.sty
Package: intcalc 2019/12/15 v1.3 Expandable calculations with integers (HO)
)
(C:\Users\Daniele\AppData\Local\Programs\MiKTeX\tex/generic/etexcmds\etexcmds.s
ty
Package: etexcmds 2019/12/15 v1.7 Avoid name clashes with e-TeX commands (HO)
)
\Hy@SavedSpaceFactor=\count272

(C:\Users\Daniele\AppData\Local\Programs\MiKTeX\tex/latex/hyperref\puenc.def
File: puenc.def 2022-06-20 v7.00s Hyperref: PDF Unicode definition (HO)
Now handling font encoding PU ...
... no UTF-8 mapping file for font encoding PU
)
Package hyperref Info: Option `colorlinks' set `true' on input line 4045.
Package hyperref Info: Hyper figures OFF on input line 4162.
Package hyperref Info: Link nesting OFF on input line 4167.
Package hyperref Info: Hyper index ON on input line 4170.
Package hyperref Info: Plain pages OFF on input line 4177.
Package hyperref Info: Backreferencing OFF on input line 4182.
Package hyperref Info: Implicit mode ON; LaTeX internals redefined.
Package hyperref Info: Bookmarks ON on input line 4408.
\c@Hy@tempcnt=\count273

(C:\Users\Daniele\AppData\Local\Programs\MiKTeX\tex/latex/url\url.sty
\Urlmuskip=\muskip16
Package: url 2013/09/16  ver 3.4  Verb mode for urls, etc.
)
LaTeX Info: Redefining \url on input line 4746.
\XeTeXLinkMargin=\dimen156

(C:\Users\Daniele\AppData\Local\Programs\MiKTeX\tex/generic/bitset\bitset.sty
Package: bitset 2019/12/09 v1.3 Handle bit-vector datatype (HO)

(C:\Users\Daniele\AppData\Local\Programs\MiKTeX\tex/generic/bigintcalc\bigintca
lc.sty
Package: bigintcalc 2019/12/15 v1.5 Expandable calculations on big integers (HO
)
))
\Fld@menulength=\count274
\Field@Width=\dimen157
\Fld@charsize=\dimen158
Package hyperref Info: Hyper figures OFF on input line 6024.
Package hyperref Info: Link nesting OFF on input line 6029.
Package hyperref Info: Hyper index ON on input line 6032.
Package hyperref Info: backreferencing OFF on input line 6039.
Package hyperref Info: Link coloring ON on input line 6042.
Package hyperref Info: Link coloring with OCG OFF on input line 6049.
Package hyperref Info: PDF/A mode OFF on input line 6054.

(C:\Users\Daniele\AppData\Local\Programs\MiKTeX\tex/latex/base\atbegshi-ltx.sty
Package: atbegshi-ltx 2021/01/10 v1.0c Emulation of the original atbegshi
package with kernel methods
)
\Hy@abspage=\count275
\c@Item=\count276
\c@Hfootnote=\count277
)
Package hyperref Info: Driver (autodetected): hpdftex.

(C:\Users\Daniele\AppData\Local\Programs\MiKTeX\tex/latex/hyperref\hpdftex.def
File: hpdftex.def 2022-06-20 v7.00s Hyperref driver for pdfTeX

(C:\Users\Daniele\AppData\Local\Programs\MiKTeX\tex/latex/base\atveryend-ltx.st
y
Package: atveryend-ltx 2020/08/19 v1.0a Emulation of the original atveryend pac
kage
with kernel methods
)
\Fld@listcount=\count278
\c@bookmark@seq@number=\count279

(C:\Users\Daniele\AppData\Local\Programs\MiKTeX\tex/latex/rerunfilecheck\rerunf
ilecheck.sty
Package: rerunfilecheck 2022-07-10 v1.10 Rerun checks for auxiliary files (HO)

(C:\Users\Daniele\AppData\Local\Programs\MiKTeX\tex/generic/uniquecounter\uniqu
ecounter.sty
Package: uniquecounter 2019/12/15 v1.4 Provide unlimited unique counter (HO)
)
Package uniquecounter Info: New unique counter `rerunfilecheck' on input line 2
85.
)
\Hy@SectionHShift=\skip68
)
(C:\Users\Daniele\AppData\Local\Programs\MiKTeX\tex/latex/pdfpages\pdfpages.sty
Package: pdfpages 2024/01/21 v0.5y Insert pages of external PDF documents (AM)
(C:\Users\Daniele\AppData\Local\Programs\MiKTeX\tex/latex/base\ifthen.sty
Package: ifthen 2022/04/13 v1.1d Standard LaTeX ifthen package (DPC)
)
(C:\Users\Daniele\AppData\Local\Programs\MiKTeX\tex/latex/tools\calc.sty
Package: calc 2017/05/25 v4.3 Infix arithmetic (KKT,FJ)
\calc@Acount=\count280
\calc@Bcount=\count281
\calc@Adimen=\dimen159
\calc@Bdimen=\dimen160
\calc@Askip=\skip69
\calc@Bskip=\skip70
LaTeX Info: Redefining \setlength on input line 80.
LaTeX Info: Redefining \addtolength on input line 81.
\calc@Ccount=\count282
\calc@Cskip=\skip71
)
(C:\Users\Daniele\AppData\Local\Programs\MiKTeX\tex/latex/eso-pic\eso-pic.sty
Package: eso-pic 2023/05/03 v3.0c eso-pic (RN)
\ESO@tempdima=\dimen161
\ESO@tempdimb=\dimen162
)
(C:\Users\Daniele\AppData\Local\Programs\MiKTeX\tex/latex/graphics\graphicx.sty
Package: graphicx 2021/09/16 v1.2d Enhanced LaTeX Graphics (DPC,SPQR)

(C:\Users\Daniele\AppData\Local\Programs\MiKTeX\tex/latex/graphics\graphics.sty
Package: graphics 2022/03/10 v1.4e Standard LaTeX Graphics (DPC,SPQR)
(C:\Users\Daniele\AppData\Local\Programs\MiKTeX\tex/latex/graphics\trig.sty
Package: trig 2021/08/11 v1.11 sin cos tan (DPC)
)
(C:\Users\Daniele\AppData\Local\Programs\MiKTeX\tex/latex/graphics-cfg\graphics
.cfg
File: graphics.cfg 2016/06/04 v1.11 sample graphics configuration
)
Package graphics Info: Driver file: pdftex.def on input line 107.
)
\Gin@req@height=\dimen163
\Gin@req@width=\dimen164
)
\AM@pagewidth=\dimen165
\AM@pageheight=\dimen166
\AM@fboxrule=\dimen167

(C:\Users\Daniele\AppData\Local\Programs\MiKTeX\tex/latex/pdfpages\pppdftex.def
File: pppdftex.def 2024/01/21 v0.5y Pdfpages driver for pdfTeX (AM)
)
\pdfpages@includegraphics@status=\count283
\AM@pagebox=\box54
\AM@global@opts=\toks23
\AM@pagecnt=\count284
\AM@toc@title=\toks24
\AM@lof@heading=\toks25
\c@AM@survey=\count285
\AM@templatesizebox=\box55
)
(C:\Users\Daniele\AppData\Local\Programs\MiKTeX\tex/latex/listings\listings.sty
\lst@mode=\count286
\lst@gtempboxa=\box56
\lst@token=\toks26
\lst@length=\count287
\lst@currlwidth=\dimen168
\lst@column=\count288
\lst@pos=\count289
\lst@lostspace=\dimen169
\lst@width=\dimen170
\lst@newlines=\count290
\lst@lineno=\count291
\lst@maxwidth=\dimen171
(C:\Users\Daniele\AppData\Local\Programs\MiKTeX\tex/latex/listings\lstmisc.sty
File: lstmisc.sty 2020/03/24 1.8d (Carsten Heinz)
\c@lstnumber=\count292
\lst@skipnumbers=\count293
\lst@framebox=\box57
)
(C:\Users\Daniele\AppData\Local\Programs\MiKTeX\tex/latex/listings\listings.cfg
File: listings.cfg 2020/03/24 1.8d listings configuration
))
Package: listings 2020/03/24 1.8d (Carsten Heinz)
 (C:\Users\Daniele\AppData\Local\Programs\MiKTeX\tex/latex/base\makeidx.sty
Package: makeidx 2021/10/04 v1.0m Standard LaTeX package
)
(C:\Users\Daniele\AppData\Local\Programs\MiKTeX\tex/latex/amsmath\amsmath.sty
Package: amsmath 2022/04/08 v2.17n AMS math features
\@mathmargin=\skip72

For additional information on amsmath, use the `?' option.
(C:\Users\Daniele\AppData\Local\Programs\MiKTeX\tex/latex/amsmath\amstext.sty
Package: amstext 2021/08/26 v2.01 AMS text

(C:\Users\Daniele\AppData\Local\Programs\MiKTeX\tex/latex/amsmath\amsgen.sty
File: amsgen.sty 1999/11/30 v2.0 generic functions
\@emptytoks=\toks27
\ex@=\dimen172
))
(C:\Users\Daniele\AppData\Local\Programs\MiKTeX\tex/latex/amsmath\amsbsy.sty
Package: amsbsy 1999/11/29 v1.2d Bold Symbols
\pmbraise@=\dimen173
)
(C:\Users\Daniele\AppData\Local\Programs\MiKTeX\tex/latex/amsmath\amsopn.sty
Package: amsopn 2022/04/08 v2.04 operator names
)
\inf@bad=\count294
LaTeX Info: Redefining \frac on input line 234.
\uproot@=\count295
\leftroot@=\count296
LaTeX Info: Redefining \overline on input line 399.
LaTeX Info: Redefining \colon on input line 410.
\classnum@=\count297
\DOTSCASE@=\count298
LaTeX Info: Redefining \ldots on input line 496.
LaTeX Info: Redefining \dots on input line 499.
LaTeX Info: Redefining \cdots on input line 620.
\Mathstrutbox@=\box58
\strutbox@=\box59
LaTeX Info: Redefining \big on input line 722.
LaTeX Info: Redefining \Big on input line 723.
LaTeX Info: Redefining \bigg on input line 724.
LaTeX Info: Redefining \Bigg on input line 725.
\big@size=\dimen174
LaTeX Font Info:    Redeclaring font encoding OML on input line 743.
LaTeX Font Info:    Redeclaring font encoding OMS on input line 744.
\macc@depth=\count299
LaTeX Info: Redefining \bmod on input line 905.
LaTeX Info: Redefining \pmod on input line 910.
LaTeX Info: Redefining \smash on input line 940.
LaTeX Info: Redefining \relbar on input line 970.
LaTeX Info: Redefining \Relbar on input line 971.
\c@MaxMatrixCols=\count300
\dotsspace@=\muskip17
\c@parentequation=\count301
\dspbrk@lvl=\count302
\tag@help=\toks28
\row@=\count303
\column@=\count304
\maxfields@=\count305
\andhelp@=\toks29
\eqnshift@=\dimen175
\alignsep@=\dimen176
\tagshift@=\dimen177
\tagwidth@=\dimen178
\totwidth@=\dimen179
\lineht@=\dimen180
\@envbody=\toks30
\multlinegap=\skip73
\multlinetaggap=\skip74
\mathdisplay@stack=\toks31
LaTeX Info: Redefining \[ on input line 2953.
LaTeX Info: Redefining \] on input line 2954.
)
(C:\Users\Daniele\AppData\Local\Programs\MiKTeX\tex/latex/caption\subcaption.st
y
Package: subcaption 2022/01/07 v1.5 Sub-captions (AR)
 (C:\Users\Daniele\AppData\Local\Programs\MiKTeX\tex/latex/caption\caption.sty
Package: caption 2022/03/01 v3.6b Customizing captions (AR)
(C:\Users\Daniele\AppData\Local\Programs\MiKTeX\tex/latex/caption\caption3.sty
Package: caption3 2022/03/17 v2.3b caption3 kernel (AR)
\caption@tempdima=\dimen181
\captionmargin=\dimen182
\caption@leftmargin=\dimen183
\caption@rightmargin=\dimen184
\caption@width=\dimen185
\caption@indent=\dimen186
\caption@parindent=\dimen187
\caption@hangindent=\dimen188
Package caption Info: Standard document class detected.
)
\c@caption@flags=\count306
\c@continuedfloat=\count307
Package caption Info: hyperref package is loaded.
Package caption Info: listings package is loaded.
)
\c@subfigure=\count308
\c@subtable=\count309
)
(C:\Users\Daniele\AppData\Local\Programs\MiKTeX\tex/latex/wrapfig\wrapfig.sty
\wrapoverhang=\dimen189
\WF@size=\dimen190
\c@WF@wrappedlines=\count310
\WF@box=\box60
\WF@everypar=\toks32
Package: wrapfig 2003/01/31  v 3.6
)
Package caption Info: Option `figurename' requires the `newfloat' package on in
put line 26.

(C:\Users\Daniele\AppData\Local\Programs\MiKTeX\tex/latex/newfloat\newfloat.sty
Package: newfloat 2023/10/01 v1.2 Defining new floating environments (AR)
Package newfloat Info: Unsupported document class, or \@chapter 
(newfloat)             was already redefined by another package.
Package newfloat Info: \@chapter = macro:->\def \Hy@next {\Hy@MakeCurrentHrefAu
to {\Hy@chapapp *}\Hy@raisedlink {\hyper@anchorstart {\@currentHref }\hyper@anc
horend }}\ifnum \c@secnumdepth >\m@ne \ltx@IfUndefined {if@mainmatter}\iftrue {
\csname if@mainmatter\endcsname }\let \Hy@next \relax \fi \fi \Hy@next \Hy@org@
chapter .
Package newfloat Info: \Hy@org@chapter = macro:[#1]#2->\NR@gettitle {#1}\NR@cha
pter [{#1}]{#2}.
Package newfloat Info: \algocf@original@chapter = undefined.
Package newfloat Info: `wrapfig' package detected.
) (C:\Users\Daniele\AppData\Local\Programs\MiKTeX\tex/latex/tools\tabularx.sty
Package: tabularx 2020/01/15 v2.11c `tabularx' package (DPC)
\TX@col@width=\dimen191
\TX@old@table=\dimen192
\TX@old@col=\dimen193
\TX@target=\dimen194
\TX@delta=\dimen195
\TX@cols=\count311
\TX@ftn=\toks33
)
(C:\Users\Daniele\AppData\Local\Programs\MiKTeX\tex/latex/graphics\rotating.sty
Package: rotating 2016/08/11 v2.16d rotated objects in LaTeX
\c@r@tfl@t=\count312
\rotFPtop=\skip75
\rotFPbot=\skip76
\rot@float@box=\box61
\rot@mess@toks=\toks34
) (C:\Users\Daniele\AppData\Local\Programs\MiKTeX\tex/latex/psnfss\times.sty
Package: times 2020/03/25 PSNFSS-v9.3 (SPQR) 
)
(C:\Users\Daniele\AppData\Local\Programs\MiKTeX\tex/latex/standalone\standalone
.sty
Package: standalone 2018/03/26 v1.3a Package to include TeX sub-files with prea
mbles

(C:\Users\Daniele\AppData\Local\Programs\MiKTeX\tex/latex/tools\shellesc.sty
Package: shellesc 2019/11/08 v1.0c unified shell escape interface for LaTeX
Package shellesc Info: Restricted shell escape enabled on input line 77.
)
(C:\Users\Daniele\AppData\Local\Programs\MiKTeX\tex/latex/xkeyval\xkeyval.sty
Package: xkeyval 2022/06/16 v2.9 package option processing (HA)

(C:\Users\Daniele\AppData\Local\Programs\MiKTeX\tex/generic/xkeyval\xkeyval.tex

(C:\Users\Daniele\AppData\Local\Programs\MiKTeX\tex/generic/xkeyval\xkvutils.te
x
\XKV@toks=\toks35
\XKV@tempa@toks=\toks36
)
\XKV@depth=\count313
File: xkeyval.tex 2014/12/03 v2.7a key=value parser (HA)
))
(C:\Users\Daniele\AppData\Local\Programs\MiKTeX\tex/latex/currfile\currfile.sty
Package: currfile 2020/09/29 v0.7d Provides the file path elements of the curre
nt input file

(C:\Users\Daniele\AppData\Local\Programs\MiKTeX\tex/latex/filehook\filehook.sty
Package: filehook 2022/10/25 v0.8b Hooks for input files

(C:\Users\Daniele\AppData\Local\Programs\MiKTeX\tex/latex/filehook\filehook-202
0.sty
Package: filehook-2020 2022/10/25 v0.8b Hooks for input files
))
\c@currfiledepth=\count314
)
(C:\Users\Daniele\AppData\Local\Programs\MiKTeX\tex/latex/gincltex\gincltex.sty

(C:\Users\Daniele\AppData\Local\Programs\MiKTeX\tex/latex/svn-prov\svn-prov.sty
Package: svn-prov 2010/04/24 v3.1862 Package Date/Version from SVN Keywords
)
Package: gincltex 2011/09/04 v0.3 Include external LaTeX files like graphics

(C:\Users\Daniele\AppData\Local\Programs\MiKTeX\tex/latex/adjustbox\adjustbox.s
ty
Package: adjustbox 2022/10/17 v1.3a Adjusting TeX boxes (trim, clip, ...)

(C:\Users\Daniele\AppData\Local\Programs\MiKTeX\tex/latex/adjustbox\adjcalc.sty
Package: adjcalc 2012/05/16 v1.1 Provides advanced setlength with multiple back
-ends (calc, etex, pgfmath)
)
(C:\Users\Daniele\AppData\Local\Programs\MiKTeX\tex/latex/adjustbox\trimclip.st
y
Package: trimclip 2020/08/19 v1.2 Trim and clip general TeX material

(C:\Users\Daniele\AppData\Local\Programs\MiKTeX\tex/latex/collectbox\collectbox
.sty
Package: collectbox 2022/10/17 v0.4c Collect macro arguments as boxes
\collectedbox=\box62
)
\tc@llx=\dimen196
\tc@lly=\dimen197
\tc@urx=\dimen198
\tc@ury=\dimen199
Package trimclip Info: Using driver 'tc-pdftex.def'.

(C:\Users\Daniele\AppData\Local\Programs\MiKTeX\tex/latex/adjustbox\tc-pdftex.d
ef
File: tc-pdftex.def 2019/01/04 v2.2 Clipping driver for pdftex
))
\adjbox@Width=\dimen256
\adjbox@Height=\dimen257
\adjbox@Depth=\dimen258
\adjbox@Totalheight=\dimen259
\adjbox@pwidth=\dimen260
\adjbox@pheight=\dimen261
\adjbox@pdepth=\dimen262
\adjbox@ptotalheight=\dimen263

(C:\Users\Daniele\AppData\Local\Programs\MiKTeX\tex/latex/ifoddpage\ifoddpage.s
ty
Package: ifoddpage 2022/10/18 v1.2 Conditionals for odd/even page detection
\c@checkoddpage=\count315
)
(C:\Users\Daniele\AppData\Local\Programs\MiKTeX\tex/latex/varwidth\varwidth.sty
Package: varwidth 2009/03/30 ver 0.92;  Variable-width minipages
\@vwid@box=\box63
\sift@deathcycles=\count316
\@vwid@loff=\dimen264
\@vwid@roff=\dimen265
))
\gincltex@box=\box64
)
(C:\Users\Daniele\AppData\Local\Programs\MiKTeX\tex/latex/filemod\filemod-expmi
n.sty
Package: filemod-expmin 2011/09/19 v1.2 Get and compare file modification times
 (expandable; minimal)
))
(C:\Users\Daniele\AppData\Local\Programs\MiKTeX\tex/latex/import\import.sty
Package: import 2020/04/01  v 6.2
))
(C:\Users\Daniele\AppData\Local\Programs\MiKTeX\tex/latex/biblatex\biblatex.sty
Package: biblatex 2022/07/12 v3.18b programmable bibliographies (PK/MW)
(C:\Users\Daniele\AppData\Local\Programs\MiKTeX\tex/latex/logreq\logreq.sty
Package: logreq 2010/08/04 v1.0 xml request logger
\lrq@indent=\count317

(C:\Users\Daniele\AppData\Local\Programs\MiKTeX\tex/latex/logreq\logreq.def
File: logreq.def 2010/08/04 v1.0 logreq spec v1.0
))
\c@tabx@nest=\count318
\c@listtotal=\count319
\c@listcount=\count320
\c@liststart=\count321
\c@liststop=\count322
\c@citecount=\count323
\c@citetotal=\count324
\c@multicitecount=\count325
\c@multicitetotal=\count326
\c@instcount=\count327
\c@maxnames=\count328
\c@minnames=\count329
\c@maxitems=\count330
\c@minitems=\count331
\c@citecounter=\count332
\c@maxcitecounter=\count333
\c@savedcitecounter=\count334
\c@uniquelist=\count335
\c@uniquename=\count336
\c@refsection=\count337
\c@refsegment=\count338
\c@maxextratitle=\count339
\c@maxextratitleyear=\count340
\c@maxextraname=\count341
\c@maxextradate=\count342
\c@maxextraalpha=\count343
\c@abbrvpenalty=\count344
\c@highnamepenalty=\count345
\c@lownamepenalty=\count346
\c@maxparens=\count347
\c@parenlevel=\count348
\blx@tempcnta=\count349
\blx@tempcntb=\count350
\blx@tempcntc=\count351
\c@blx@maxsection=\count352
\blx@maxsegment@0=\count353
\blx@notetype=\count354
\blx@parenlevel@text=\count355
\blx@parenlevel@foot=\count356
\blx@sectionciteorder@0=\count357
\blx@sectionciteorderinternal@0=\count358
\blx@entrysetcounter=\count359
\blx@biblioinstance=\count360
\labelnumberwidth=\skip77
\labelalphawidth=\skip78
\biblabelsep=\skip79
\bibitemsep=\skip80
\bibnamesep=\skip81
\bibinitsep=\skip82
\bibparsep=\skip83
\bibhang=\skip84
\blx@bcfin=\read3
\blx@bcfout=\write3
\blx@langwohyphens=\language80
\c@mincomprange=\count361
\c@maxcomprange=\count362
\c@mincompwidth=\count363
Package biblatex Info: Trying to load biblatex default data model...
Package biblatex Info: ... file 'blx-dm.def' found.

(C:\Users\Daniele\AppData\Local\Programs\MiKTeX\tex/latex/biblatex\blx-dm.def
File: blx-dm.def 2022/07/12 v3.18b biblatex localization (PK/MW)
)
Package biblatex Info: Trying to load biblatex style data model...
Package biblatex Info: ... file 'numeric.dbx' not found.
Package biblatex Info: Trying to load biblatex custom data model...
Package biblatex Info: ... file 'biblatex-dm.cfg' not found.
\c@afterword=\count364
\c@savedafterword=\count365
\c@annotator=\count366
\c@savedannotator=\count367
\c@author=\count368
\c@savedauthor=\count369
\c@bookauthor=\count370
\c@savedbookauthor=\count371
\c@commentator=\count372
\c@savedcommentator=\count373
\c@editor=\count374
\c@savededitor=\count375
\c@editora=\count376
\c@savededitora=\count377
\c@editorb=\count378
\c@savededitorb=\count379
\c@editorc=\count380
\c@savededitorc=\count381
\c@foreword=\count382
\c@savedforeword=\count383
\c@holder=\count384
\c@savedholder=\count385
\c@introduction=\count386
\c@savedintroduction=\count387
\c@namea=\count388
\c@savednamea=\count389
\c@nameb=\count390
\c@savednameb=\count391
\c@namec=\count392
\c@savednamec=\count393
\c@translator=\count394
\c@savedtranslator=\count395
\c@shortauthor=\count396
\c@savedshortauthor=\count397
\c@shorteditor=\count398
\c@savedshorteditor=\count399
\c@labelname=\count400
\c@savedlabelname=\count401
\c@institution=\count402
\c@savedinstitution=\count403
\c@lista=\count404
\c@savedlista=\count405
\c@listb=\count406
\c@savedlistb=\count407
\c@listc=\count408
\c@savedlistc=\count409
\c@listd=\count410
\c@savedlistd=\count411
\c@liste=\count412
\c@savedliste=\count413
\c@listf=\count414
\c@savedlistf=\count415
\c@location=\count416
\c@savedlocation=\count417
\c@organization=\count418
\c@savedorganization=\count419
\c@origlocation=\count420
\c@savedoriglocation=\count421
\c@origpublisher=\count422
\c@savedorigpublisher=\count423
\c@publisher=\count424
\c@savedpublisher=\count425
\c@language=\count426
\c@savedlanguage=\count427
\c@origlanguage=\count428
\c@savedoriglanguage=\count429
\c@pageref=\count430
\c@savedpageref=\count431
\shorthandwidth=\skip85
\shortjournalwidth=\skip86
\shortserieswidth=\skip87
\shorttitlewidth=\skip88
\shortauthorwidth=\skip89
\shorteditorwidth=\skip90
\locallabelnumberwidth=\skip91
\locallabelalphawidth=\skip92
\localshorthandwidth=\skip93
\localshortjournalwidth=\skip94
\localshortserieswidth=\skip95
\localshorttitlewidth=\skip96
\localshortauthorwidth=\skip97
\localshorteditorwidth=\skip98
Package biblatex Info: Trying to load compatibility code...
Package biblatex Info: ... file 'blx-compat.def' found.

(C:\Users\Daniele\AppData\Local\Programs\MiKTeX\tex/latex/biblatex\blx-compat.d
ef
File: blx-compat.def 2022/07/12 v3.18b biblatex compatibility (PK/MW)
)
Package biblatex Info: Trying to load generic definitions...
Package biblatex Info: ... file 'biblatex.def' found.

(C:\Users\Daniele\AppData\Local\Programs\MiKTeX\tex/latex/biblatex\biblatex.def
File: biblatex.def 2022/07/12 v3.18b biblatex compatibility (PK/MW)
\c@textcitecount=\count432
\c@textcitetotal=\count433
\c@textcitemaxnames=\count434
\c@biburlbigbreakpenalty=\count435
\c@biburlbreakpenalty=\count436
\c@biburlnumpenalty=\count437
\c@biburlucpenalty=\count438
\c@biburllcpenalty=\count439
\biburlbigskip=\muskip18
\biburlnumskip=\muskip19
\biburlucskip=\muskip20
\biburllcskip=\muskip21
\c@smartand=\count440
)
Package biblatex Info: Trying to load natbib compatibility...
Package biblatex Info: ... file 'blx-natbib.def' found.

(C:\Users\Daniele\AppData\Local\Programs\MiKTeX\tex/latex/biblatex\blx-natbib.d
ef
File: blx-natbib.def 2022/07/12 v3.18b biblatex compatibility (PK/MW)
Package biblatex Info: Delimiter 'nameyeardelim' in context '' already defined,
 overwriting.
)
Package biblatex Info: Trying to load bibliography style 'numeric'...
Package biblatex Info: ... file 'numeric.bbx' found.

(C:\Users\Daniele\AppData\Local\Programs\MiKTeX\tex/latex/biblatex/bbx\numeric.
bbx
File: numeric.bbx 2022/07/12 v3.18b biblatex bibliography style (PK/MW)
Package biblatex Info: Trying to load bibliography style 'standard'...
Package biblatex Info: ... file 'standard.bbx' found.

(C:\Users\Daniele\AppData\Local\Programs\MiKTeX\tex/latex/biblatex/bbx\standard
.bbx
File: standard.bbx 2022/07/12 v3.18b biblatex bibliography style (PK/MW)
\c@bbx:relatedcount=\count441
\c@bbx:relatedtotal=\count442
))
Package biblatex Info: Trying to load citation style 'numeric'...
Package biblatex Info: ... file 'numeric.cbx' found.

(C:\Users\Daniele\AppData\Local\Programs\MiKTeX\tex/latex/biblatex/cbx\numeric.
cbx
File: numeric.cbx 2022/07/12 v3.18b biblatex citation style (PK/MW)
Package biblatex Info: Redefining '\cite'.
Package biblatex Info: Redefining '\parencite'.
Package biblatex Info: Redefining '\footcite'.
Package biblatex Info: Redefining '\footcitetext'.
Package biblatex Info: Redefining '\smartcite'.
Package biblatex Info: Redefining '\supercite'.
Package biblatex Info: Redefining '\textcite'.
Package biblatex Info: Redefining '\textcites'.
Package biblatex Info: Redefining '\cites'.
Package biblatex Info: Redefining '\parencites'.
Package biblatex Info: Redefining '\smartcites'.
)
Package biblatex Info: Trying to load configuration file...
Package biblatex Info: ... file 'biblatex.cfg' found.

(C:\Users\Daniele\AppData\Local\Programs\MiKTeX\tex/latex/biblatex\biblatex.cfg
File: biblatex.cfg 
)
Package biblatex Info: Input encoding 'utf8' detected.
Package biblatex Info: Document encoding is UTF8 ....
 (C:\Users\Daniele\AppData\Local\Programs\MiKTeX\tex/latex/l3kernel\expl3.sty
Package: expl3 2022-08-30 L3 programming layer (loader) 

(C:\Users\Daniele\AppData\Local\Programs\MiKTeX\tex/latex/l3backend\l3backend-p
dftex.def
File: l3backend-pdftex.def 2022-08-30 L3 backend support: PDF output (pdfTeX)
\l__color_backend_stack_int=\count443
\l__pdf_internal_box=\box65
))
Package biblatex Info: ... and expl3
(biblatex)             2022-08-30 L3 programming layer (loader) 
(biblatex)             is new enough (at least 2020/04/06),
(biblatex)             setting 'casechanger=expl3'.

(C:\Users\Daniele\AppData\Local\Programs\MiKTeX\tex/latex/biblatex\blx-case-exp
l3.sty
(C:\Users\Daniele\AppData\Local\Programs\MiKTeX\tex/latex/l3packages/xparse\xpa
rse.sty
Package: xparse 2022-06-22 L3 Experimental document command parser
)
Package: blx-case-expl3 2022/07/12 v3.18b expl3 case changing code for biblatex

))

Package biblatex Warning: 'babel/polyglossia' detected but 'csquotes' missing.
(biblatex)                Loading 'csquotes' recommended.

\@quotelevel=\count444
\@quotereset=\count445
LaTeX Font Info:    Trying to load font information for OT1+ptm on input line 1
4.
(C:\Users\Daniele\AppData\Local\Programs\MiKTeX\tex/latex/psnfss\ot1ptm.fd
File: ot1ptm.fd 2001/06/04 font definitions for OT1/ptm.
)
(Tesi.aux (header.aux))
\openout1 = `Tesi.aux'.

LaTeX Font Info:    Checking defaults for OML/cmm/m/it on input line 14.
LaTeX Font Info:    ... okay on input line 14.
LaTeX Font Info:    Checking defaults for OMS/cmsy/m/n on input line 14.
LaTeX Font Info:    ... okay on input line 14.
LaTeX Font Info:    Checking defaults for OT1/cmr/m/n on input line 14.
LaTeX Font Info:    ... okay on input line 14.
LaTeX Font Info:    Checking defaults for T1/cmr/m/n on input line 14.
LaTeX Font Info:    ... okay on input line 14.
LaTeX Font Info:    Checking defaults for TS1/cmr/m/n on input line 14.
LaTeX Font Info:    ... okay on input line 14.
LaTeX Font Info:    Checking defaults for OMX/cmex/m/n on input line 14.
LaTeX Font Info:    ... okay on input line 14.
LaTeX Font Info:    Checking defaults for U/cmr/m/n on input line 14.
LaTeX Font Info:    ... okay on input line 14.
LaTeX Font Info:    Checking defaults for PD1/pdf/m/n on input line 14.
LaTeX Font Info:    ... okay on input line 14.
LaTeX Font Info:    Checking defaults for PU/pdf/m/n on input line 14.
LaTeX Font Info:    ... okay on input line 14.

*geometry* driver: auto-detecting
*geometry* detected driver: pdftex
*geometry* verbose mode - [ preamble ] result:
* driver: pdftex
* paper: a4paper
* layout: <same size as paper>
* layoutoffset:(h,v)=(0.0pt,0.0pt)
* modes: 
* h-part:(L,W,R)=(85.35826pt, 426.79135pt, 85.35826pt)
* v-part:(T,H,B)=(85.35826pt, 674.33032pt, 85.35826pt)
* \paperwidth=597.50787pt
* \paperheight=845.04684pt
* \textwidth=426.79135pt
* \textheight=674.33032pt
* \oddsidemargin=13.08827pt
* \evensidemargin=13.08827pt
* \topmargin=-23.91173pt
* \headheight=12.0pt
* \headsep=25.0pt
* \topskip=12.0pt
* \footskip=30.0pt
* \marginparwidth=35.0pt
* \marginparsep=10.0pt
* \columnsep=10.0pt
* \skip\footins=10.8pt plus 4.0pt minus 2.0pt
* \hoffset=0.0pt
* \voffset=0.0pt
* \mag=1000
* \@twocolumnfalse
* \@twosidefalse
* \@mparswitchfalse
* \@reversemarginfalse
* (1in=72.27pt=25.4mm, 1cm=28.453pt)

LaTeX Info: Redefining \it@ocap on input line 14.
LaTeX Info: Redefining \it@ccap on input line 14.

File italian.ldf warning: 
italian.ldf    With OT1 encoding guillemets are poorly faked
italian.ldf    Use T1 encoding
italian.ldf    or specify a font with command \CaporaliFrom
italian.ldf    See the documentation concerning the babel-italian typesetting 
italian.ldf    on input line 14.


(C:\Users\Daniele\AppData\Local\Programs\MiKTeX\tex/context/base/mkii\supp-pdf.
mkii
[Loading MPS to PDF converter (version 2006.09.02).]
\scratchcounter=\count446
\scratchdimen=\dimen266
\scratchbox=\box66
\nofMPsegments=\count447
\nofMParguments=\count448
\everyMPshowfont=\toks37
\MPscratchCnt=\count449
\MPscratchDim=\dimen267
\MPnumerator=\count450
\makeMPintoPDFobject=\count451
\everyMPtoPDFconversion=\toks38
)
(C:\Users\Daniele\AppData\Local\Programs\MiKTeX\tex/latex/epstopdf-pkg\epstopdf
-base.sty
Package: epstopdf-base 2020-01-24 v2.11 Base part for package epstopdf
Package epstopdf-base Info: Redefining graphics rule for `.eps' on input line 4
85.

(C:\Users\Daniele\AppData\Local\Programs\MiKTeX\tex/latex/00miktex\epstopdf-sys
.cfg
File: epstopdf-sys.cfg 2021/03/18 v2.0 Configuration of epstopdf for MiKTeX
))
Package hyperref Info: Link coloring ON on input line 14.
 (Tesi.out) (Tesi.out)
\@outlinefile=\write4
\openout4 = `Tesi.out'.


(C:\Users\Daniele\AppData\Local\Programs\MiKTeX\tex/latex/pdflscape\pdflscape.s
ty
Package: pdflscape 2022-10-27 v0.13 Display of landscape pages in PDF

(C:\Users\Daniele\AppData\Local\Programs\MiKTeX\tex/latex/pdflscape\pdflscape-n
ometadata.sty
Package: pdflscape-nometadata 2022-10-28 v0.13 Display of landscape pages in PD
F (HO)

(C:\Users\Daniele\AppData\Local\Programs\MiKTeX\tex/latex/graphics\lscape.sty
Package: lscape 2020/05/28 v3.02 Landscape Pages (DPC)
)
Package pdflscape Info: Auto-detected driver: pdftex on input line 81.
))
\c@lstlisting=\count452
Package caption Info: Begin \AtBeginDocument code.
Package caption Info: rotating package is loaded.
Package caption Info: wrapfig package is loaded.
Package caption Info: End \AtBeginDocument code.
Package newfloat Info: Trying Plan B...
Package newfloat Info: `rotating' package detected.
Package biblatex Info: Trying to load language 'english'...
Package biblatex Info: ... file 'english.lbx' found.

(C:\Users\Daniele\AppData\Local\Programs\MiKTeX\tex/latex/biblatex/lbx\english.
lbx
File: english.lbx 2022/07/12 v3.18b biblatex localization (PK/MW)
)
Package biblatex Info: Trying to load language 'italian'...
Package biblatex Info: ... file 'italian.lbx' found.

(C:\Users\Daniele\AppData\Local\Programs\MiKTeX\tex/latex/biblatex/lbx\italian.
lbx
File: italian.lbx 2022/07/12 v3.18b biblatex localization (PK/MW)
)
Package biblatex Info: Input encoding 'utf8' detected.
Package biblatex Info: Automatic encoding selection.
(biblatex)             Assuming data encoding 'utf8'.
\openout3 = `Tesi.bcf'.

Package biblatex Info: Trying to load bibliographic data...
Package biblatex Info: ... file 'Tesi.bbl' found.
 (Tesi.bbl)
Package biblatex Info: Reference section=0 on input line 14.
Package biblatex Info: Reference segment=0 on input line 14.
\openout2 = `header.aux'.

 (header.tex
Overfull \hbox (22.76227pt too wide) in paragraph at lines 4--6
 [] 
 []


Overfull \hbox (22.76227pt too wide) in paragraph at lines 4--6
 [] 
 []

<unibg_logo.pdf, id=87, 162.90863pt x 149.50858pt>
File: unibg_logo.pdf Graphic file (type pdf)
<use unibg_logo.pdf>
Package pdftex.def Info: unibg_logo.pdf  used on input line 14.
(pdftex.def)             Requested size: 162.90822pt x 149.5082pt.
[1


{C:/Users/Daniele/AppData/Local/MiKTeX/fonts/map/pdftex/pdftex.map} <./unibg_lo
go.pdf>]) (Tesi.toc)
\tf@toc=\write5
\openout5 = `Tesi.toc'.

 [1


] (0_Introduzione/intro.tex
Underfull \hbox (badness 10000) in paragraph at lines 9--10

 []

)
pdfTeX warning (ext4): destination with the same identifier (name{page.1}) has 
been already used, duplicate ignored
<to be read again> 
                   \relax 
l.33 	\newpage
               [1] (1_StatoArte/arte.tex
Overfull \hbox (0.35608pt too wide) in paragraph at lines 32--33
\OT1/ptm/m/n/12 colo, uti-liz-zando uno smart-phone come pi-attaforma in-erzial
e e GPS. Gra-zie a quest'ultimo
 []


Overfull \hbox (38.81477pt too wide) in paragraph at lines 32--33
[]\OT1/ptm/m/n/12 e pos-si-bile ot-tenere delle mis-ure di ve-locit[]a pi[]u pr
e-cise rispetto all'integrazione dell'accelerazione.
 []

) [2] (2_Fisica/fisica.tex
Overfull \hbox (3.44032pt too wide) in paragraph at lines 18--19
\OT1/ptm/m/n/12 Per meglio com-pren-dere i capi-toli seguenti an-dremo ora ad a
nal-iz-zare i prin-ci-pali fenomeni
 []



pdfTeX warning: pdflatex.exe (file ./2_Fisica//img/potenze.pdf): PDF inclusion:
 found PDF version <1.7>, but at most version <1.5> allowed
<./2_Fisica//img/potenze.pdf, id=138, 711.25723pt x 483.72722pt>
File: ./2_Fisica//img/potenze.pdf Graphic file (type pdf)
<use ./2_Fisica//img/potenze.pdf>
Package pdftex.def Info: ./2_Fisica//img/potenze.pdf  used on input line 22.
(pdftex.def)             Requested size: 341.43437pt x 232.20856pt.
[3 <./2_Fisica//img/potenze.pdf>]
LaTeX Font Info:    Trying to load font information for TS1+ptm on input line 4
1.

(C:\Users\Daniele\AppData\Local\Programs\MiKTeX\tex/latex/psnfss\ts1ptm.fd
File: ts1ptm.fd 2001/06/04 font definitions for TS1/ptm.
)
[4] [5] [6] [7]) [8] (3_Sistema/sistema.tex
<./3_Sistema//./img/bicicletta2.jpg, id=179, 4657.4pt x 2619.7875pt>
File: ./3_Sistema//./img/bicicletta2.jpg Graphic file (type jpg)
<use ./3_Sistema//./img/bicicletta2.jpg>
Package pdftex.def Info: ./3_Sistema//./img/bicicletta2.jpg  used on input line
 14.
(pdftex.def)             Requested size: 192.0548pt x 108.0116pt.
<./3_Sistema//./img/bluecoin.jpg, id=180, 277.035pt x 178.41656pt>
File: ./3_Sistema//./img/bluecoin.jpg Graphic file (type jpg)
<use ./3_Sistema//./img/bluecoin.jpg>
Package pdftex.def Info: ./3_Sistema//./img/bluecoin.jpg  used on input line 19
.
(pdftex.def)             Requested size: 170.71718pt x 109.94467pt.

Overfull \hbox (2.28003pt too wide) in paragraph at lines 13--23
[]$[]$ $[]$ 
 []

LaTeX Font Info:    Trying to load font information for OT1+pcr on input line 2
8.
(C:\Users\Daniele\AppData\Local\Programs\MiKTeX\tex/latex/psnfss\ot1pcr.fd
File: ot1pcr.fd 2001/06/04 font definitions for OT1/pcr.
)
Overfull \hbox (4.92702pt too wide) in paragraph at lines 28--29
\OT1/ptm/m/n/12 Il sen-sore uti-liz-zato per rac-cogliere i dati []e il Blue Co
in della ST Mi-croelet-tron-ics ([][]$\OT1/pcr/m/n/12 https :
 []


Overfull \hbox (20.22379pt too wide) in paragraph at lines 28--29
\OT1/pcr/m/n/12 / / www . st . com / en / evaluation-[]tools / steval-[]bcnkt01
v1 . html$[][]\OT1/ptm/m/n/12 ) sulla quale
 []


Underfull \hbox (badness 10000) in paragraph at lines 28--29

 []


Overfull \hbox (33.58417pt too wide) in paragraph at lines 32--33
[]\OT1/ptm/m/n/12 Accelerometro: misura in $\OML/cmm/m/it/12 mg$ \OT1/ptm/m/n/1
2 (milles-imi dell'accelerazione grav-i-tazionale) l'accelerazione
 []


Overfull \hbox (14.50008pt too wide) in paragraph at lines 40--41
[]\OT1/ptm/m/n/12 Durante i nos-tri es-per-i-menti sono stati uti-liz-zati solo
 i dati prove-ni-enti dall'accelerometro,
 []

[9 <./3_Sistema//./img/bicicletta2.jpg> <./3_Sistema//./img/bluecoin.jpg>]
Underfull \hbox (badness 10000) in paragraph at lines 42--43

 []



pdfTeX warning: pdflatex.exe (file ./3_Sistema//img/axis.pdf): PDF inclusion: f
ound PDF version <1.7>, but at most version <1.5> allowed
<./3_Sistema//img/axis.pdf, id=193, 426.8748pt x 341.35529pt>
File: ./3_Sistema//img/axis.pdf Graphic file (type pdf)
<use ./3_Sistema//img/axis.pdf>
Package pdftex.def Info: ./3_Sistema//img/axis.pdf  used on input line 47.
(pdftex.def)             Requested size: 192.0548pt x 153.5824pt.


pdfTeX warning: pdflatex.exe (file ./3_Sistema//img/SensorAxes.pdf): PDF inclus
ion: found PDF version <1.7>, but at most version <1.5> allowed
<./3_Sistema//img/SensorAxes.pdf, id=194, 540.70004pt x 725.5908pt>
File: ./3_Sistema//img/SensorAxes.pdf Graphic file (type pdf)
<use ./3_Sistema//img/SensorAxes.pdf>
Package pdftex.def Info: ./3_Sistema//img/SensorAxes.pdf  used on input line 52
.
(pdftex.def)             Requested size: 149.37631pt x 200.45149pt.

Overfull \hbox (2.28003pt too wide) in paragraph at lines 46--56
[]$[]$ $[]$ 
 []

[10 <./3_Sistema//img/axis.pdf> <./3_Sistema//img/SensorAxes.pdf

pdfTeX warning: pdflatex.exe (file ./3_Sistema//img/SensorAxes.pdf): PDF inclus
ion: multiple pdfs with page group included in a single page
>]) [11] (4_Dati/dati.tex

pdfTeX warning: pdflatex.exe (file ./4_Dati//img/percorsoDritto.pdf): PDF inclu
sion: found PDF version <1.7>, but at most version <1.5> allowed
<./4_Dati//img/percorsoDritto.pdf, id=221, 540.70004pt x 540.70004pt>
File: ./4_Dati//img/percorsoDritto.pdf Graphic file (type pdf)
<use ./4_Dati//img/percorsoDritto.pdf>
Package pdftex.def Info: ./4_Dati//img/percorsoDritto.pdf  used on input line 2
5.
(pdftex.def)             Requested size: 192.0548pt x 192.05298pt.


pdfTeX warning: pdflatex.exe (file ./4_Dati//img/percorsoCurvo.pdf): PDF inclus
ion: found PDF version <1.7>, but at most version <1.5> allowed
<./4_Dati//img/percorsoCurvo.pdf, id=222, 540.70004pt x 540.70004pt>
File: ./4_Dati//img/percorsoCurvo.pdf Graphic file (type pdf)
<use ./4_Dati//img/percorsoCurvo.pdf>
Package pdftex.def Info: ./4_Dati//img/percorsoCurvo.pdf  used on input line 30
.
(pdftex.def)             Requested size: 192.0548pt x 192.05298pt.

Overfull \hbox (2.28003pt too wide) in paragraph at lines 24--34
[]$[]$ $[]$ 
 []

[12 <./4_Dati//img/percorsoDritto.pdf> <./4_Dati//img/percorsoCurvo.pdf

pdfTeX warning: pdflatex.exe (file ./4_Dati//img/percorsoCurvo.pdf): PDF inclus
ion: multiple pdfs with page group included in a single page
>] [13]
<./4_Dati//img/Acc LungaF.pdf, id=254, 360.34625pt x 294.09875pt>
File: ./4_Dati//img/Acc LungaF.pdf Graphic file (type pdf)
<use ./4_Dati//img/Acc LungaF.pdf>
Package pdftex.def Info: ./4_Dati//img/Acc LungaF.pdf  used on input line 69.
(pdftex.def)             Requested size: 384.1096pt x 313.49333pt.
 [14 <./4_Dati//img/Acc LungaF.pdf>]
<./4_Dati//img/Vang LungaF.pdf, id=318, 357.335pt x 294.09875pt>
File: ./4_Dati//img/Vang LungaF.pdf Graphic file (type pdf)
<use ./4_Dati//img/Vang LungaF.pdf>
Package pdftex.def Info: ./4_Dati//img/Vang LungaF.pdf  used on input line 81.
(pdftex.def)             Requested size: 384.1096pt x 316.14998pt.
 [15 <./4_Dati//img/Vang LungaF.pdf>]
<./4_Dati//img/Acc CurvaUF.pdf, id=381, 360.34625pt x 294.09875pt>
File: ./4_Dati//img/Acc CurvaUF.pdf Graphic file (type pdf)
<use ./4_Dati//img/Acc CurvaUF.pdf>
Package pdftex.def Info: ./4_Dati//img/Acc CurvaUF.pdf  used on input line 98.
(pdftex.def)             Requested size: 384.1096pt x 313.49333pt.
 [16 <./4_Dati//img/Acc CurvaUF.pdf>]
<./4_Dati//img/VAng CurvaUF.pdf, id=443, 357.335pt x 294.09875pt>
File: ./4_Dati//img/VAng CurvaUF.pdf Graphic file (type pdf)
<use ./4_Dati//img/VAng CurvaUF.pdf>
Package pdftex.def Info: ./4_Dati//img/VAng CurvaUF.pdf  used on input line 111
.
(pdftex.def)             Requested size: 384.1096pt x 316.14998pt.
 [17 <./4_Dati//img/VAng CurvaUF.pdf>]
<./4_Dati//img/Mag CurvaUF.pdf, id=504, 357.335pt x 294.09875pt>
File: ./4_Dati//img/Mag CurvaUF.pdf Graphic file (type pdf)
<use ./4_Dati//img/Mag CurvaUF.pdf>
Package pdftex.def Info: ./4_Dati//img/Mag CurvaUF.pdf  used on input line 129.

(pdftex.def)             Requested size: 384.1096pt x 316.14998pt.
)
[18 <./4_Dati//img/Mag CurvaUF.pdf>] (5_Indicatori/indicatori.tex
Underfull \hbox (badness 10000) in paragraph at lines 31--32

 []

[19]
<./5_Indicatori//img/lungaFP/Acc/Media.pdf, id=574, 358.33875pt x 294.09875pt>
File: ./5_Indicatori//img/lungaFP/Acc/Media.pdf Graphic file (type pdf)
<use ./5_Indicatori//img/lungaFP/Acc/Media.pdf>
Package pdftex.def Info: ./5_Indicatori//img/lungaFP/Acc/Media.pdf  used on inp
ut line 61.
(pdftex.def)             Requested size: 298.75264pt x 245.21033pt.
 [20 <./5_Indicatori//img/lungaFP/Acc/Media.pdf>] [21]
<./5_Indicatori//img/lungaFP/Acc/Varianza.pdf, id=656, 355.3275pt x 294.09875pt
>
File: ./5_Indicatori//img/lungaFP/Acc/Varianza.pdf Graphic file (type pdf)
<use ./5_Indicatori//img/lungaFP/Acc/Varianza.pdf>
Package pdftex.def Info: ./5_Indicatori//img/lungaFP/Acc/Varianza.pdf  used on 
input line 109.
(pdftex.def)             Requested size: 298.75264pt x 247.2791pt.
<./5_Indicatori//img/lungaFP/Acc/Max.pdf, id=657, 358.33875pt x 294.09875pt>
File: ./5_Indicatori//img/lungaFP/Acc/Max.pdf Graphic file (type pdf)
<use ./5_Indicatori//img/lungaFP/Acc/Max.pdf>
Package pdftex.def Info: ./5_Indicatori//img/lungaFP/Acc/Max.pdf  used on input
 line 117.
(pdftex.def)             Requested size: 298.75264pt x 245.21033pt.


LaTeX Warning: `!h' float specifier changed to `!ht'.

<./5_Indicatori//img/lungaFP/Acc/Peak.pdf, id=660, 355.3275pt x 294.09875pt>
File: ./5_Indicatori//img/lungaFP/Acc/Peak.pdf Graphic file (type pdf)
<use ./5_Indicatori//img/lungaFP/Acc/Peak.pdf>
Package pdftex.def Info: ./5_Indicatori//img/lungaFP/Acc/Peak.pdf  used on inpu
t line 125.
(pdftex.def)             Requested size: 298.75264pt x 247.2791pt.

LaTeX Warning: `!h' float specifier changed to `!ht'.

[22 <./5_Indicatori//img/lungaFP/Acc/Varianza.pdf>] [23 <./5_Indicatori//img/lu
ngaFP/Acc/Max.pdf> <./5_Indicatori//img/lungaFP/Acc/Peak.pdf>]
<./5_Indicatori//img/lungaFP/Vel/Varianza.pdf, id=857, 357.335pt x 294.09875pt>

File: ./5_Indicatori//img/lungaFP/Vel/Varianza.pdf Graphic file (type pdf)
<use ./5_Indicatori//img/lungaFP/Vel/Varianza.pdf>
Package pdftex.def Info: ./5_Indicatori//img/lungaFP/Vel/Varianza.pdf  used on 
input line 148.
(pdftex.def)             Requested size: 298.75264pt x 245.89693pt.


LaTeX Warning: `!h' float specifier changed to `!ht'.

<./5_Indicatori//img/lungaFP/Vel/Peak.pdf, id=858, 354.32375pt x 294.09875pt>
File: ./5_Indicatori//img/lungaFP/Vel/Peak.pdf Graphic file (type pdf)
<use ./5_Indicatori//img/lungaFP/Vel/Peak.pdf>
Package pdftex.def Info: ./5_Indicatori//img/lungaFP/Vel/Peak.pdf  used on inpu
t line 156.
(pdftex.def)             Requested size: 298.75264pt x 247.97916pt.

LaTeX Warning: `!h' float specifier changed to `!ht'.

<./5_Indicatori//img/lungaFP/VAng/Deviazione Standard.pdf, id=859, 352.31625pt 
x 294.09875pt>
File: ./5_Indicatori//img/lungaFP/VAng/Deviazione Standard.pdf Graphic file (ty
pe pdf)
<use ./5_Indicatori//img/lungaFP/VAng/Deviazione Standard.pdf>
Package pdftex.def Info: ./5_Indicatori//img/lungaFP/VAng/Deviazione Standard.p
df  used on input line 169.
(pdftex.def)             Requested size: 298.75264pt x 249.38377pt.

LaTeX Warning: `!h' float specifier changed to `!ht'.

[24]

LaTeX Warning: Text page 25 contains only floats.

[25 <./5_Indicatori//img/lungaFP/Vel/Varianza.pdf> <./5_Indicatori//img/lungaFP
/Vel/Peak.pdf>]
Underfull \hbox (badness 10000) in paragraph at lines 178--179

 []


Underfull \hbox (badness 10000) in paragraph at lines 180--181

 []


Underfull \hbox (badness 10000) in paragraph at lines 182--183

 []

[26 <./5_Indicatori//img/lungaFP/VAng/Deviazione Standard.pdf>]
<./5_Indicatori//img/lungaFP/VAng/Peak.pdf, id=1059, 352.31625pt x 294.09875pt>

File: ./5_Indicatori//img/lungaFP/VAng/Peak.pdf Graphic file (type pdf)
<use ./5_Indicatori//img/lungaFP/VAng/Peak.pdf>
Package pdftex.def Info: ./5_Indicatori//img/lungaFP/VAng/Peak.pdf  used on inp
ut line 189.
(pdftex.def)             Requested size: 298.75264pt x 249.38377pt.
<./5_Indicatori//img/CurvaUFP/Acc/Media.pdf, id=1062, 367.3725pt x 294.09875pt>

File: ./5_Indicatori//img/CurvaUFP/Acc/Media.pdf Graphic file (type pdf)
<use ./5_Indicatori//img/CurvaUFP/Acc/Media.pdf>
Package pdftex.def Info: ./5_Indicatori//img/CurvaUFP/Acc/Media.pdf  used on in
put line 198.
(pdftex.def)             Requested size: 298.75264pt x 239.17902pt.


LaTeX Warning: `!h' float specifier changed to `!ht'.

<./5_Indicatori//img/curvaUFP/Acc/Varianza.pdf, id=1063, 357.335pt x 294.09875p
t>
File: ./5_Indicatori//img/curvaUFP/Acc/Varianza.pdf Graphic file (type pdf)
<use ./5_Indicatori//img/curvaUFP/Acc/Varianza.pdf>
Package pdftex.def Info: ./5_Indicatori//img/curvaUFP/Acc/Varianza.pdf  used on
 input line 206.
(pdftex.def)             Requested size: 298.75264pt x 245.89693pt.

LaTeX Warning: `!h' float specifier changed to `!ht'.

<./5_Indicatori//img/curvaUFP/Vel/Varianza.pdf, id=1064, 364.36125pt x 294.0987
5pt>
File: ./5_Indicatori//img/curvaUFP/Vel/Varianza.pdf Graphic file (type pdf)
<use ./5_Indicatori//img/curvaUFP/Vel/Varianza.pdf>
Package pdftex.def Info: ./5_Indicatori//img/curvaUFP/Vel/Varianza.pdf  used on
 input line 214.
(pdftex.def)             Requested size: 298.75264pt x 241.14906pt.

LaTeX Warning: `!h' float specifier changed to `!ht'.

[27 <./5_Indicatori//img/lungaFP/VAng/Peak.pdf>]
<./5_Indicatori//img/curvaUFP/Vel/Peak.pdf, id=1126, 356.33125pt x 294.09875pt>

File: ./5_Indicatori//img/curvaUFP/Vel/Peak.pdf Graphic file (type pdf)
<use ./5_Indicatori//img/curvaUFP/Vel/Peak.pdf>
Package pdftex.def Info: ./5_Indicatori//img/curvaUFP/Vel/Peak.pdf  used on inp
ut line 222.
(pdftex.def)             Requested size: 298.75264pt x 246.58801pt.


LaTeX Warning: `!h' float specifier changed to `!ht'.

[28 <./5_Indicatori//img/CurvaUFP/Acc/Media.pdf> <./5_Indicatori//img/curvaUFP/
Acc/Varianza.pdf>] [29 <./5_Indicatori//img/curvaUFP/Vel/Varianza.pdf> <./5_Ind
icatori//img/curvaUFP/Vel/Peak.pdf>]
<./5_Indicatori//img/CurvaUFP/VAng/Media.pdf, id=1426, 357.335pt x 294.09875pt>

File: ./5_Indicatori//img/CurvaUFP/VAng/Media.pdf Graphic file (type pdf)
<use ./5_Indicatori//img/CurvaUFP/VAng/Media.pdf>
Package pdftex.def Info: ./5_Indicatori//img/CurvaUFP/VAng/Media.pdf  used on i
nput line 246.
(pdftex.def)             Requested size: 298.75264pt x 245.89693pt.


LaTeX Warning: `!h' float specifier changed to `!ht'.

<./5_Indicatori//img/CurvaUFP/VAng/Deviazione Standard.pdf, id=1427, 354.32375p
t x 294.09875pt>
File: ./5_Indicatori//img/CurvaUFP/VAng/Deviazione Standard.pdf Graphic file (t
ype pdf)
<use ./5_Indicatori//img/CurvaUFP/VAng/Deviazione Standard.pdf>
Package pdftex.def Info: ./5_Indicatori//img/CurvaUFP/VAng/Deviazione Standard.
pdf  used on input line 254.
(pdftex.def)             Requested size: 298.75264pt x 247.97916pt.

LaTeX Warning: `!h' float specifier changed to `!ht'.

<./5_Indicatori//img/CurvaUFP/VAng/Max.pdf, id=1428, 357.335pt x 294.09875pt>
File: ./5_Indicatori//img/CurvaUFP/VAng/Max.pdf Graphic file (type pdf)
<use ./5_Indicatori//img/CurvaUFP/VAng/Max.pdf>
Package pdftex.def Info: ./5_Indicatori//img/CurvaUFP/VAng/Max.pdf  used on inp
ut line 262.
(pdftex.def)             Requested size: 298.75264pt x 245.89693pt.

LaTeX Warning: `!h' float specifier changed to `!ht'.


Underfull \hbox (badness 10000) in paragraph at lines 272--273

 []


Underfull \hbox (badness 10000) in paragraph at lines 274--275

 []

<./5_Indicatori//img/CurvaUFP/Mag/Media.pdf, id=1431, 357.335pt x 294.09875pt>
File: ./5_Indicatori//img/CurvaUFP/Mag/Media.pdf Graphic file (type pdf)
<use ./5_Indicatori//img/CurvaUFP/Mag/Media.pdf>
Package pdftex.def Info: ./5_Indicatori//img/CurvaUFP/Mag/Media.pdf  used on in
put line 278.
(pdftex.def)             Requested size: 298.75264pt x 245.89693pt.

LaTeX Warning: `!h' float specifier changed to `!ht'.

[30]
Underfull \hbox (badness 10000) in paragraph at lines 286--287

 []

<./5_Indicatori//img/curvaUFP/Mag/Varianza.pdf, id=1436, 361.35pt x 294.09875pt
>
File: ./5_Indicatori//img/curvaUFP/Mag/Varianza.pdf Graphic file (type pdf)
<use ./5_Indicatori//img/curvaUFP/Mag/Varianza.pdf>
Package pdftex.def Info: ./5_Indicatori//img/curvaUFP/Mag/Varianza.pdf  used on
 input line 292.
(pdftex.def)             Requested size: 298.75264pt x 243.15501pt.

LaTeX Warning: `!h' float specifier changed to `!ht'.

[31 <./5_Indicatori//img/CurvaUFP/VAng/Media.pdf>]

LaTeX Warning: Text page 32 contains only floats.

[32 <./5_Indicatori//img/CurvaUFP/VAng/Deviazione Standard.pdf> <./5_Indicatori
//img/CurvaUFP/VAng/Max.pdf>]
<./5_Indicatori//img/LungaCurvaU/Acc/Media.pdf, id=1672, 362.35374pt x 294.0987
5pt>
File: ./5_Indicatori//img/LungaCurvaU/Acc/Media.pdf Graphic file (type pdf)
<use ./5_Indicatori//img/LungaCurvaU/Acc/Media.pdf>
Package pdftex.def Info: ./5_Indicatori//img/LungaCurvaU/Acc/Media.pdf  used on
 input line 300.
(pdftex.def)             Requested size: 298.75264pt x 242.48187pt.


LaTeX Warning: `!h' float specifier changed to `!ht'.

[33 <./5_Indicatori//img/CurvaUFP/Mag/Media.pdf> <./5_Indicatori//img/curvaUFP/
Mag/Varianza.pdf>]
<./5_Indicatori//img/LungaCurvaU/Acc/Varianza.pdf, id=1825, 357.335pt x 294.098
75pt>
File: ./5_Indicatori//img/LungaCurvaU/Acc/Varianza.pdf Graphic file (type pdf)
<use ./5_Indicatori//img/LungaCurvaU/Acc/Varianza.pdf>
Package pdftex.def Info: ./5_Indicatori//img/LungaCurvaU/Acc/Varianza.pdf  used
 on input line 308.
(pdftex.def)             Requested size: 298.75264pt x 245.89693pt.
 [34 <./5_Indicatori//img/LungaCurvaU/Acc/Media.pdf> <./5_Indicatori//img/Lunga
CurvaU/Acc/Varianza.pdf>]
<./5_Indicatori//img/LungaCurvaU/Acc/Media Rettificata.pdf, id=1970, 359.3425pt
 x 294.09875pt>
File: ./5_Indicatori//img/LungaCurvaU/Acc/Media Rettificata.pdf Graphic file (t
ype pdf)
<use ./5_Indicatori//img/LungaCurvaU/Acc/Media Rettificata.pdf>
Package pdftex.def Info: ./5_Indicatori//img/LungaCurvaU/Acc/Media Rettificata.
pdf  used on input line 316.
(pdftex.def)             Requested size: 298.75264pt x 244.52821pt.
<./5_Indicatori//img/LungaCurvaU/Acc/Peak.pdf, id=1973, 357.335pt x 294.09875pt
>
File: ./5_Indicatori//img/LungaCurvaU/Acc/Peak.pdf Graphic file (type pdf)
<use ./5_Indicatori//img/LungaCurvaU/Acc/Peak.pdf>
Package pdftex.def Info: ./5_Indicatori//img/LungaCurvaU/Acc/Peak.pdf  used on 
input line 324.
(pdftex.def)             Requested size: 298.75264pt x 245.89693pt.


LaTeX Warning: `!h' float specifier changed to `!ht'.

[35 <./5_Indicatori//img/LungaCurvaU/Acc/Media Rettificata.pdf>]
Underfull \hbox (badness 10000) in paragraph at lines 348--349

 []

<./5_Indicatori//img/LungaCurvaU/VAng/Media.pdf, id=2045, 357.335pt x 294.09875
pt>
File: ./5_Indicatori//img/LungaCurvaU/VAng/Media.pdf Graphic file (type pdf)
<use ./5_Indicatori//img/LungaCurvaU/VAng/Media.pdf>
Package pdftex.def Info: ./5_Indicatori//img/LungaCurvaU/VAng/Media.pdf  used o
n input line 352.
(pdftex.def)             Requested size: 298.75264pt x 245.89693pt.

LaTeX Warning: `!h' float specifier changed to `!ht'.

[36 <./5_Indicatori//img/LungaCurvaU/Acc/Peak.pdf>]
<./5_Indicatori//img/LungaCurvaU/VAng/Max.pdf, id=2122, 357.335pt x 294.09875pt
>
File: ./5_Indicatori//img/LungaCurvaU/VAng/Max.pdf Graphic file (type pdf)
<use ./5_Indicatori//img/LungaCurvaU/VAng/Max.pdf>
Package pdftex.def Info: ./5_Indicatori//img/LungaCurvaU/VAng/Max.pdf  used on 
input line 360.
(pdftex.def)             Requested size: 298.75264pt x 245.89693pt.
<./5_Indicatori//img/LungaCurvaU/Mag/Varianza.pdf, id=2125, 361.35pt x 294.0987
5pt>
File: ./5_Indicatori//img/LungaCurvaU/Mag/Varianza.pdf Graphic file (type pdf)
<use ./5_Indicatori//img/LungaCurvaU/Mag/Varianza.pdf>
Package pdftex.def Info: ./5_Indicatori//img/LungaCurvaU/Mag/Varianza.pdf  used
 on input line 368.
(pdftex.def)             Requested size: 298.75264pt x 243.15501pt.
 [37 <./5_Indicatori//img/LungaCurvaU/VAng/Media.pdf> <./5_Indicatori//img/Lung
aCurvaU/VAng/Max.pdf>]
Underfull \hbox (badness 10000) in paragraph at lines 376--377

 []

[38 <./5_Indicatori//img/LungaCurvaU/Mag/Varianza.pdf>]
<./5_Indicatori//img/LungaCurvaU/Vel/Varianza.pdf, id=2356, 364.36125pt x 294.0
9875pt>
File: ./5_Indicatori//img/LungaCurvaU/Vel/Varianza.pdf Graphic file (type pdf)
<use ./5_Indicatori//img/LungaCurvaU/Vel/Varianza.pdf>
Package pdftex.def Info: ./5_Indicatori//img/LungaCurvaU/Vel/Varianza.pdf  used
 on input line 384.
(pdftex.def)             Requested size: 298.75264pt x 241.14906pt.
<./5_Indicatori//img/LungaCurvaU/Vel/Deviazione Standard.pdf, id=2357, 356.3312
5pt x 294.09875pt>
File: ./5_Indicatori//img/LungaCurvaU/Vel/Deviazione Standard.pdf Graphic file 
(type pdf)
<use ./5_Indicatori//img/LungaCurvaU/Vel/Deviazione Standard.pdf>
Package pdftex.def Info: ./5_Indicatori//img/LungaCurvaU/Vel/Deviazione Standar
d.pdf  used on input line 392.
(pdftex.def)             Requested size: 298.75264pt x 246.58801pt.


LaTeX Warning: `!h' float specifier changed to `!ht'.

<./5_Indicatori//img/LungaCurvaU/Vel/Peak.pdf, id=2360, 356.33125pt x 294.09875
pt>
File: ./5_Indicatori//img/LungaCurvaU/Vel/Peak.pdf Graphic file (type pdf)
<use ./5_Indicatori//img/LungaCurvaU/Vel/Peak.pdf>
Package pdftex.def Info: ./5_Indicatori//img/LungaCurvaU/Vel/Peak.pdf  used on 
input line 400.
(pdftex.def)             Requested size: 298.75264pt x 246.58801pt.

LaTeX Warning: `!h' float specifier changed to `!ht'.

) [39 <./5_Indicatori//img/LungaCurvaU/Vel/Varianza.pdf>]
(6_Sviluppi/sviluppi.tex [40 <./5_Indicatori//img/LungaCurvaU/Vel/Deviazione St
andard.pdf> <./5_Indicatori//img/LungaCurvaU/Vel/Peak.pdf>]
Underfull \hbox (badness 10000) in paragraph at lines 22--23

 []


Underfull \hbox (badness 10000) in paragraph at lines 26--27

 []

[41]) [42] (7_Conclusioni/conclusioni.tex
Underfull \hbox (badness 10000) in paragraph at lines 20--21

 []

) [43]

Package biblatex Warning: No driver for 'artice'.
(biblatex)                Using fallback driver on input line 56.


Overfull \hbox (6.0069pt too wide) in paragraph at lines 56--56
[]\OT1/ptm/m/n/12 Yuri US-AMI, Kazuaki ISHIKAWA, Toshi-nori TAKAYAMA, Masao YAN
AG-I-SAWA,
 []


Overfull \hbox (4.96013pt too wide) in paragraph at lines 56--56
\OT1/ptm/m/n/12 Sen-sory Data on Smart-phone.'' In: Int. J. ITS Res.15 (2017), 
pp. 17{28. \OT1/ptm/m/sc/12 doi\OT1/ptm/m/n/12 : [][]$\OT1/pcr/m/n/12 https :
 []


Overfull \hbox (5.22978pt too wide) in paragraph at lines 56--56
\OT1/pcr/m/n/12 106096$[][]\OT1/ptm/m/n/12 . \OT1/ptm/m/sc/12 url\OT1/ptm/m/n/1
2 : [][]$\OT1/pcr/m/n/12 https : / / www . sciencedirect . com / science / arti
cle /
 []


Overfull \hbox (26.75026pt too wide) in paragraph at lines 56--56
\OT1/pcr/m/n/12 www . sciencedirect . com / science / article / pii / S00014575
23000696$[][]\OT1/ptm/m/n/12 . 
 []

[44] [45] (Tesi.aux (header.aux))
Package rerunfilecheck Info: File `Tesi.out' has not changed.
(rerunfilecheck)             Checksum: 82B718B3B921C72D0DA75856D41EE39A;2711.
Package logreq Info: Writing requests to 'Tesi.run.xml'.
\openout1 = `Tesi.run.xml'.

 ) 
Here is how much of TeX's memory you used:
 25620 strings out of 475389
 466970 string characters out of 2776056
 1226065 words of memory out of 3000000
 46384 multiletter control sequences out of 15000+600000
 494683 words of font info for 73 fonts, out of 8000000 for 9000
 1141 hyphenation exceptions out of 8191
 110i,14n,106p,1174b,1873s stack positions out of 10000i,1000n,20000p,200000b,80000s
{C:/Users/Daniele/AppData/Local/Programs/MiKTeX/fonts/enc/dvips/base/8r.enc}<
C:/Users/Daniele/AppData/Local/Programs/MiKTeX/fonts/type1/public/amsfonts/cm/c
mex10.pfb><C:/Users/Daniele/AppData/Local/Programs/MiKTeX/fonts/type1/public/am
sfonts/cmextra/cmex8.pfb><C:/Users/Daniele/AppData/Local/Programs/MiKTeX/fonts/
type1/public/amsfonts/cm/cmmi10.pfb><C:/Users/Daniele/AppData/Local/Programs/Mi
KTeX/fonts/type1/public/amsfonts/cm/cmmi12.pfb><C:/Users/Daniele/AppData/Local/
Programs/MiKTeX/fonts/type1/public/amsfonts/cm/cmmi6.pfb><C:/Users/Daniele/AppD
ata/Local/Programs/MiKTeX/fonts/type1/public/amsfonts/cm/cmmi8.pfb><C:/Users/Da
niele/AppData/Local/Programs/MiKTeX/fonts/type1/public/amsfonts/cm/cmr10.pfb><C
:/Users/Daniele/AppData/Local/Programs/MiKTeX/fonts/type1/public/amsfonts/cm/cm
r12.pfb><C:/Users/Daniele/AppData/Local/Programs/MiKTeX/fonts/type1/public/amsf
onts/cm/cmr6.pfb><C:/Users/Daniele/AppData/Local/Programs/MiKTeX/fonts/type1/pu
blic/amsfonts/cm/cmr8.pfb><C:/Users/Daniele/AppData/Local/Programs/MiKTeX/fonts
/type1/public/amsfonts/cm/cmsy10.pfb><C:/Users/Daniele/AppData/Local/Programs/M
iKTeX/fonts/type1/public/amsfonts/cm/cmsy8.pfb><C:/Users/Daniele/AppData/Local/
Programs/MiKTeX/fonts/type1/urw/courier/ucrr8a.pfb><C:/Users/Daniele/AppData/Lo
cal/Programs/MiKTeX/fonts/type1/urw/times/utmb8a.pfb><C:/Users/Daniele/AppData/
Local/Programs/MiKTeX/fonts/type1/urw/times/utmr8a.pfb><C:/Users/Daniele/AppDat
a/Local/Programs/MiKTeX/fonts/type1/urw/times/utmri8a.pfb>
Output written on Tesi.pdf (47 pages, 9695517 bytes).
PDF statistics:
 2706 PDF objects out of 2984 (max. 8388607)
 114 named destinations out of 1000 (max. 500000)
 369 words of extra memory for PDF output out of 10000 (max. 10000000)

